DEBUG: entered postproc check
DEBUG: PSUBMIT_POSTPROC='./ifsnemo-postproc.sh'
DEBUG: relative path=ifs.DE_CY48R1.0_climateDT_20250521.SP.CPU.GPP//./ifsnemo-postproc.sh
DEBUG: postproc file exists at ifs.DE_CY48R1.0_climateDT_20250521.SP.CPU.GPP//./ifsnemo-postproc.sh
Set INTEL compilers as MPI wrappers backend
remove impi/2021.10.0 (PATH, MANPATH, LD_LIBRARY_PATH)
load impi/2021.10.0 (PATH, MANPATH, LD_LIBRARY_PATH)
remove mkl/2023.2.0 (LD_LIBRARY_PATH)
load mkl/2023.2.0 (LD_LIBRARY_PATH)
load FFTW/3.3.10 (LD_LIBRARY_PATH, LIBRARY_PATH, CPATH, C_INCLUDE_PATH, CPLUS_INCLUDE_PATH, PKG_CONFIG_PATH, FFTW_ROOT, FFTW_HOME)
load HDF5/1.14.1-2 (PATH, LD_LIBRARY_PATH, LIBRARY_PATH, C_INCLUDE_PATH, CPLUS_INCLUDE_PATH, HDF5_DIR, HDF5_ROOT,CFLAGS, CPPFLAGS, LDFLAGS)
load PNETCDF/1.12.3 (PATH, MANPATH, LD_LIBRARY_PATH, LIBRARY_PATH, PKG_CONFIG_PATH, C_INCLUDE_PATH, CPLUS_INCLUDE_PATH)
load NETCDF/c-4.9.2_fortran-4.6.1_cxx4-4.3.1_hdf5-1.14.1-2_pnetcdf-1.12.3 (PATH, LD_LIBRARY_PATH, LIBRARY_PATH, PKG_CONFIG_PATH, C_INCLUDE_PATH,
CPLUS_INCLUDE_PATH, NETCDF_ROOT, NETCDF_DIR) 
Submitted batch job 26165901
Job ID 26165901
Nodetype: gp_ehpc; account: ehpc01
Job status: Q
Job status: R
Job status: CG
Job status: 
JOB DISAPPEARED!
Job status: NONE
Results collected: results.26165901/
Rank 0 output: results.26165901/rank0
Batch system output: results.26165901/slurm-26165901.out
Psubmit wrapper output: results.26165901/psubmit_wrapper_output.26165901

--- Batch system output: ---
>>> PSUBMIT: PSUBMIT_JOBID=26165901 PSUBMIT_DIRNAME=/gpfs/home/bsc/bsc631248/bin
>>> PSUBMIT: args: -t slurm -n 448 -p 28 -h 4 -g 0 -d /gpfs/home/bsc/bsc631248/bin -s ifs.DE_CY48R1.0_climateDT_20250521.SP.CPU.GPP/ -e false -o ifs.DE_CY48R1.0_climateDT_20250521.SP.CPU.GPP//psubmit.opt -a 
>>> PSUBMIT: sbatch -J ifsnemo-basic-test --exclusive --time=120 --qos=gp_ehpc    --account=ehpc01   -D /gpfs/projects/bsc32/bsc631248/ifsncDE_CY48R1.0_climateDT_20250521-goldgen/ifsnemo-build/ifsnemo -N 16 -n 448 /gpfs/home/bsc/bsc631248/bin/psubmit-mpiexec-wrapper.sh -t slurm -n 448 -p 28 -h 4 -g 0 -d /gpfs/home/bsc/bsc631248/bin -s ifs.DE_CY48R1.0_climateDT_20250521.SP.CPU.GPP/  -e false -o ifs.DE_CY48R1.0_climateDT_20250521.SP.CPU.GPP//psubmit.opt -a "\"\""
Submitted batch job 26165901

--- Psubmit wrapper output: ---
+++ '[' -e ../out.26165901.97 ']'
+++ mv out.26165901.97 ..
+++ for i in *${PSUBMIT_JOBID}*
+++ '[' -e ../out.26165901.98 ']'
+++ mv out.26165901.98 ..
+++ for i in *${PSUBMIT_JOBID}*
+++ '[' -e ../out.26165901.99 ']'
+++ mv out.26165901.99 ..
+++ cd ..
+++ mv ifsnemo_testbed_26165901 ifsnemo_testbed_26165901.26165901.dir
+++ true
+ info Exiting...
+ local str=Exiting...
+ echo '>>> PSUBMIT: Exiting...'
>>> PSUBMIT: Exiting...

--- Rank 0 output: ---
 *** LLNORMIFS2WAM=  F
 *** LLNORMWAM2IFS=  F
 *** LLNORMWAMOUT=  F
 *** LLNORMWAMOUT_GLOBAL=  F
 *** LSMSSIG_WAM=  F
 *** LWAM_USE_IO_SERV =  T
 *** CPATH = restart.dir
 *** LOUTMDLDCP =  F
 *** NLOCGRB =           36
 *** YEXPVER = hz9n
 *** YCLASS = rd
 *** ISTREAM =         1248
 ===============================================
MultIO initialising with plans file /gpfs/projects/bsc32/bsc631248/ifsncDE_CY48R1.0_climateDT_20250521-goldgen/ifsnemo-build/ifsnemo/raps/multio_yaml/multio-ifs-wam-config.yaml
(W) Path for Encoding BitsPerValue table not configured, MultIO config key EncodingBitsPerValueTable or env variable MULTIO_ENCODING_TABLE
