Set INTEL compilers as MPI wrappers backend
remove impi/2021.10.0 (PATH, MANPATH, LD_LIBRARY_PATH)
load impi/2021.10.0 (PATH, MANPATH, LD_LIBRARY_PATH)
remove mkl/2023.2.0 (LD_LIBRARY_PATH)
load mkl/2023.2.0 (LD_LIBRARY_PATH)
load FFTW/3.3.10 (LD_LIBRARY_PATH, LIBRARY_PATH, CPATH, C_INCLUDE_PATH, CPLUS_INCLUDE_PATH, PKG_CONFIG_PATH, FFTW_ROOT, FFTW_HOME)
load HDF5/1.14.1-2 (PATH, LD_LIBRARY_PATH, LIBRARY_PATH, C_INCLUDE_PATH, CPLUS_INCLUDE_PATH, HDF5_DIR, HDF5_ROOT,CFLAGS, CPPFLAGS, LDFLAGS)
load PNETCDF/1.12.3 (PATH, MANPATH, LD_LIBRARY_PATH, LIBRARY_PATH, PKG_CONFIG_PATH, C_INCLUDE_PATH, CPLUS_INCLUDE_PATH)
load NETCDF/c-4.9.2_fortran-4.6.1_cxx4-4.3.1_hdf5-1.14.1-2_pnetcdf-1.12.3 (PATH, LD_LIBRARY_PATH, LIBRARY_PATH, PKG_CONFIG_PATH, C_INCLUDE_PATH, CPLUS_INCLUDE_PATH,
NETCDF_ROOT, NETCDF_DIR) 
Submitted batch job 25040983
Job ID 25040983
Nodetype: gp_debug; account: bsc32
Job status: Q
Job status: R
Job status: CG
Job status: 
JOB DISAPPEARED!
Job status: NONE
Results collected: results.25040983/
Rank 0 output: results.25040983/rank0
Batch system output: results.25040983/slurm-25040983.out
Psubmit wrapper output: results.25040983/psubmit_wrapper_output.25040983

--- Batch system output: ---
>>> PSUBMIT: PSUBMIT_JOBID=25040983 PSUBMIT_DIRNAME=/gpfs/home/bsc/bsc631248/bin
>>> PSUBMIT: args: -t slurm -n 14 -p 14 -h 8 -g 0 -d /gpfs/home/bsc/bsc631248/bin -s ifsMASTER.SP.CPU.GPP/ -e false -o ifsMASTER.SP.CPU.GPP//psubmit.opt -a 
>>> PSUBMIT: sbatch -J ifsnemo-basic-test --exclusive --time=10 --qos=gp_debug    --account=bsc32   -D /gpfs/projects/bsc32/bsc631248/ifsnc_remote_dir/ifsnemo-build/ifsnemo -N 1 -n 14 /gpfs/home/bsc/bsc631248/bin/psubmit-mpiexec-wrapper.sh -t slurm -n 14 -p 14 -h 8 -g 0 -d /gpfs/home/bsc/bsc631248/bin -s ifsMASTER.SP.CPU.GPP/  -e false -o ifsMASTER.SP.CPU.GPP//psubmit.opt -a "\"\""
Submitted batch job 25040983

--- Psubmit wrapper output: ---
>>> PSUBMIT: PWD=/gpfs/projects/bsc32/bsc631248/ifsnc_remote_dir/ifsnemo-build/ifsnemo
>>> PSUBMIT: INJOB_INIT_COMMANDS: "export LD_LIBRARY_PATH=lib:$LD_LIBRARY_PATH"
>>> PSUBMIT: Nodelist gs03r3b01:14
        tm_1_CNT4: 4528369
>>> PSUBMIT: Exiting...

--- Rank 0 output: ---
 *** LPREPROC=  F
 *** LWCOUNORMS=  F
 *** LLNORMIFS2WAM=  T
 *** LLNORMWAM2IFS=  T
 *** LLNORMWAMOUT=  T
 *** LLNORMWAMOUT_GLOBAL=  F
 *** LSMSSIG_WAM=  F
 *** LWAM_USE_IO_SERV =  T
 *** CPATH = restart.dir
 *** LOUTMDLDCP =  F
 *** NLOCGRB =           36
 *** YEXPVER = hz9m
 *** YCLASS = rd
 *** ISTREAM =         1248
 ===============================================
